c:\hlocal\master-ucm-gc\p1\parte1\freeglut project 3d\debug\vc120.pdb
c:\hlocal\master-ucm-gc\p1\parte1\freeglut project 3d\debug\vc120.idb
c:\hlocal\master-ucm-gc\p1\parte1\freeglut project 3d\debug\cara.obj
c:\hlocal\master-ucm-gc\p1\parte1\freeglut project 3d\debug\cubo.obj
c:\hlocal\master-ucm-gc\p1\parte1\freeglut project 3d\debug\iman.obj
c:\hlocal\master-ucm-gc\p1\parte1\freeglut project 3d\debug\revolucion.obj
c:\hlocal\master-ucm-gc\p1\parte1\freeglut project 3d\debug\main.obj
c:\hlocal\master-ucm-gc\p1\parte1\freeglut project 3d\debug\malla.obj
c:\hlocal\master-ucm-gc\p1\parte1\freeglut project 3d\debug\puntovector3d.obj
c:\hlocal\master-ucm-gc\p1\parte1\freeglut project 3d\debug\tetraedro.obj
c:\hlocal\master-ucm-gc\p1\parte1\freeglut project 3d\debug\verticenormal.obj
c:\hlocal\master-ucm-gc\p1\parte1\debug\freeglut project 3d.pdb
c:\hlocal\master-ucm-gc\p1\parte1\freeglut project 3d\debug\freeglut.7b0bffd4.tlog\cl.command.1.tlog
c:\hlocal\master-ucm-gc\p1\parte1\freeglut project 3d\debug\freeglut.7b0bffd4.tlog\cl.read.1.tlog
c:\hlocal\master-ucm-gc\p1\parte1\freeglut project 3d\debug\freeglut.7b0bffd4.tlog\cl.write.1.tlog
c:\hlocal\master-ucm-gc\p1\parte1\freeglut project 3d\debug\freeglut.7b0bffd4.tlog\link-cvtres.read.1.tlog
c:\hlocal\master-ucm-gc\p1\parte1\freeglut project 3d\debug\freeglut.7b0bffd4.tlog\link-cvtres.write.1.tlog
c:\hlocal\master-ucm-gc\p1\parte1\freeglut project 3d\debug\freeglut.7b0bffd4.tlog\link-rc.read.1.tlog
c:\hlocal\master-ucm-gc\p1\parte1\freeglut project 3d\debug\freeglut.7b0bffd4.tlog\link-rc.write.1.tlog
c:\hlocal\master-ucm-gc\p1\parte1\freeglut project 3d\debug\freeglut.7b0bffd4.tlog\link.command.1.tlog
c:\hlocal\master-ucm-gc\p1\parte1\freeglut project 3d\debug\freeglut.7b0bffd4.tlog\link.read.1.tlog
c:\hlocal\master-ucm-gc\p1\parte1\freeglut project 3d\debug\freeglut.7b0bffd4.tlog\link.write.1.tlog
